C:\Program Files\Microsoft Visual Studio\2022\Community\MSBuild\Microsoft\VC\v170\Microsoft.CppBuild.targets(516,5): warning MSB8004: Intermediate Directory does not end with a trailing slash.  This build instance will add the slash as it is required to allow proper evaluation of the Intermediate Directory.
  iconv.c
F:\ThirdLibs\libiconv\include\johab_hangul.h(252,15): warning C4244: 'return': conversion from '__int64' to 'int', possible loss of data
  (compiling source file 'libiconv/iconv.c')
  
F:\ThirdLibs\libiconv\include\loop_unicode.h(49,20): warning C4244: 'return': conversion from '__int64' to 'int', possible loss of data
  (compiling source file 'libiconv/iconv.c')
  
F:\ThirdLibs\libiconv\include\loop_unicode.h(93,24): warning C4244: 'return': conversion from '__int64' to 'int', possible loss of data
  (compiling source file 'libiconv/iconv.c')
  
F:\ThirdLibs\libiconv\include\loop_unicode.h(144,20): warning C4244: 'return': conversion from '__int64' to 'int', possible loss of data
  (compiling source file 'libiconv/iconv.c')
  
/lib/aliases.gperf(36,32): warning C4267: 'initializing': conversion from 'size_t' to 'unsigned int', possible loss of data
  (compiling source file 'libiconv/iconv.c')
  
F:\ThirdLibs\libiconv\include\aliases_dos.h(1,3): warning C4311: 'type cast': pointer truncation from 'char (*)[6]' to 'long'
  (compiling source file 'libiconv/iconv.c')
  
F:\ThirdLibs\libiconv\include\aliases_dos.h(2,3): warning C4311: 'type cast': pointer truncation from 'char (*)[7]' to 'long'
  (compiling source file 'libiconv/iconv.c')
  
F:\ThirdLibs\libiconv\include\aliases_dos.h(3,3): warning C4311: 'type cast': pointer truncation from 'char (*)[4]' to 'long'
  (compiling source file 'libiconv/iconv.c')
  
F:\ThirdLibs\libiconv\include\aliases_dos.h(4,3): warning C4311: 'type cast': pointer truncation from 'char (*)[17]' to 'long'
  (compiling source file 'libiconv/iconv.c')
  
F:\ThirdLibs\libiconv\include\aliases_dos.h(5,3): warning C4311: 'type cast': pointer truncation from 'char (*)[6]' to 'long'
  (compiling source file 'libiconv/iconv.c')
  
F:\ThirdLibs\libiconv\include\aliases_dos.h(6,3): warning C4311: 'type cast': pointer truncation from 'char (*)[6]' to 'long'
  (compiling source file 'libiconv/iconv.c')
  
F:\ThirdLibs\libiconv\include\aliases_dos.h(7,3): warning C4311: 'type cast': pointer truncation from 'char (*)[7]' to 'long'
  (compiling source file 'libiconv/iconv.c')
  
F:\ThirdLibs\libiconv\include\aliases_dos.h(8,3): warning C4311: 'type cast': pointer truncation from 'char (*)[14]' to 'long'
  (compiling source file 'libiconv/iconv.c')
  
F:\ThirdLibs\libiconv\include\aliases_dos.h(9,3): warning C4311: 'type cast': pointer truncation from 'char (*)[6]' to 'long'
  (compiling source file 'libiconv/iconv.c')
  
F:\ThirdLibs\libiconv\include\aliases_dos.h(10,3): warning C4311: 'type cast': pointer truncation from 'char (*)[7]' to 'long'
  (compiling source file 'libiconv/iconv.c')
  
F:\ThirdLibs\libiconv\include\aliases_dos.h(11,3): warning C4311: 'type cast': pointer truncation from 'char (*)[4]' to 'long'
  (compiling source file 'libiconv/iconv.c')
  
F:\ThirdLibs\libiconv\include\aliases_dos.h(12,3): warning C4311: 'type cast': pointer truncation from 'char (*)[9]' to 'long'
  (compiling source file 'libiconv/iconv.c')
  
F:\ThirdLibs\libiconv\include\aliases_dos.h(13,3): warning C4311: 'type cast': pointer truncation from 'char (*)[6]' to 'long'
  (compiling source file 'libiconv/iconv.c')
  
F:\ThirdLibs\libiconv\include\aliases_dos.h(14,3): warning C4311: 'type cast': pointer truncation from 'char (*)[6]' to 'long'
  (compiling source file 'libiconv/iconv.c')
  
F:\ThirdLibs\libiconv\include\aliases_dos.h(15,3): warning C4311: 'type cast': pointer truncation from 'char (*)[7]' to 'long'
  (compiling source file 'libiconv/iconv.c')
  
F:\ThirdLibs\libiconv\include\aliases_dos.h(16,3): warning C4311: 'type cast': pointer truncation from 'char (*)[4]' to 'long'
  (compiling source file 'libiconv/iconv.c')
  
F:\ThirdLibs\libiconv\include\aliases_dos.h(17,3): warning C4311: 'type cast': pointer truncation from 'char (*)[9]' to 'long'
  (compiling source file 'libiconv/iconv.c')
  
F:\ThirdLibs\libiconv\include\aliases_dos.h(18,3): warning C4311: 'type cast': pointer truncation from 'char (*)[6]' to 'long'
  (compiling source file 'libiconv/iconv.c')
  
F:\ThirdLibs\libiconv\include\aliases_dos.h(19,3): warning C4311: 'type cast': pointer truncation from 'char (*)[7]' to 'long'
  (compiling source file 'libiconv/iconv.c')
  
F:\ThirdLibs\libiconv\include\aliases_dos.h(20,3): warning C4311: 'type cast': pointer truncation from 'char (*)[4]' to 'long'
  (compiling source file 'libiconv/iconv.c')
  
F:\ThirdLibs\libiconv\include\aliases_dos.h(21,3): warning C4311: 'type cast': pointer truncation from 'char (*)[9]' to 'long'
  (compiling source file 'libiconv/iconv.c')
  
F:\ThirdLibs\libiconv\include\aliases_dos.h(22,3): warning C4311: 'type cast': pointer truncation from 'char (*)[6]' to 'long'
  (compiling source file 'libiconv/iconv.c')
  
F:\ThirdLibs\libiconv\include\aliases_dos.h(23,3): warning C4311: 'type cast': pointer truncation from 'char (*)[6]' to 'long'
  (compiling source file 'libiconv/iconv.c')
  
F:\ThirdLibs\libiconv\include\aliases_dos.h(24,3): warning C4311: 'type cast': pointer truncation from 'char (*)[7]' to 'long'
  (compiling source file 'libiconv/iconv.c')
  
F:\ThirdLibs\libiconv\include\aliases_dos.h(25,3): warning C4311: 'type cast': pointer truncation from 'char (*)[4]' to 'long'
  (compiling source file 'libiconv/iconv.c')
  
F:\ThirdLibs\libiconv\include\aliases_dos.h(26,3): warning C4311: 'type cast': pointer truncation from 'char (*)[9]' to 'long'
  (compiling source file 'libiconv/iconv.c')
  
F:\ThirdLibs\libiconv\include\aliases_dos.h(27,3): warning C4311: 'type cast': pointer truncation from 'char (*)[6]' to 'long'
  (compiling source file 'libiconv/iconv.c')
  
F:\ThirdLibs\libiconv\include\aliases_dos.h(28,3): warning C4311: 'type cast': pointer truncation from 'char (*)[7]' to 'long'
  (compiling source file 'libiconv/iconv.c')
  
F:\ThirdLibs\libiconv\include\aliases_dos.h(29,3): warning C4311: 'type cast': pointer truncation from 'char (*)[4]' to 'long'
  (compiling source file 'libiconv/iconv.c')
  
F:\ThirdLibs\libiconv\include\aliases_dos.h(30,3): warning C4311: 'type cast': pointer truncation from 'char (*)[6]' to 'long'
  (compiling source file 'libiconv/iconv.c')
  
F:\ThirdLibs\libiconv\include\aliases_dos.h(31,3): warning C4311: 'type cast': pointer truncation from 'char (*)[9]' to 'long'
  (compiling source file 'libiconv/iconv.c')
  
F:\ThirdLibs\libiconv\include\aliases_dos.h(32,3): warning C4311: 'type cast': pointer truncation from 'char (*)[6]' to 'long'
  (compiling source file 'libiconv/iconv.c')
  
F:\ThirdLibs\libiconv\include\aliases_dos.h(33,3): warning C4311: 'type cast': pointer truncation from 'char (*)[7]' to 'long'
  (compiling source file 'libiconv/iconv.c')
  
F:\ThirdLibs\libiconv\include\aliases_dos.h(34,3): warning C4311: 'type cast': pointer truncation from 'char (*)[4]' to 'long'
  (compiling source file 'libiconv/iconv.c')
  
F:\ThirdLibs\libiconv\include\aliases_dos.h(35,3): warning C4311: 'type cast': pointer truncation from 'char (*)[9]' to 'long'
  (compiling source file 'libiconv/iconv.c')
  
F:\ThirdLibs\libiconv\include\aliases_dos.h(36,3): warning C4311: 'type cast': pointer truncation from 'char (*)[6]' to 'long'
  (compiling source file 'libiconv/iconv.c')
  
F:\ThirdLibs\libiconv\include\aliases_dos.h(37,3): warning C4311: 'type cast': pointer truncation from 'char (*)[7]' to 'long'
  (compiling source file 'libiconv/iconv.c')
  
F:\ThirdLibs\libiconv\include\aliases_dos.h(38,3): warning C4311: 'type cast': pointer truncation from 'char (*)[9]' to 'long'
  (compiling source file 'libiconv/iconv.c')
  
F:\ThirdLibs\libiconv\include\aliases_dos.h(39,3): warning C4311: 'type cast': pointer truncation from 'char (*)[6]' to 'long'
  (compiling source file 'libiconv/iconv.c')
  
F:\ThirdLibs\libiconv\include\aliases_dos.h(40,3): warning C4311: 'type cast': pointer truncation from 'char (*)[7]' to 'long'
  (compiling source file 'libiconv/iconv.c')
  
F:\ThirdLibs\libiconv\include\aliases_dos.h(41,3): warning C4311: 'type cast': pointer truncation from 'char (*)[4]' to 'long'
  (compiling source file 'libiconv/iconv.c')
  
F:\ThirdLibs\libiconv\include\aliases_dos.h(42,3): warning C4311: 'type cast': pointer truncation from 'char (*)[9]' to 'long'
  (compiling source file 'libiconv/iconv.c')
  
F:\ThirdLibs\libiconv\include\aliases_dos.h(43,3): warning C4311: 'type cast': pointer truncation from 'char (*)[6]' to 'long'
  (compiling source file 'libiconv/iconv.c')
  
F:\ThirdLibs\libiconv\include\aliases_dos.h(44,3): warning C4311: 'type cast': pointer truncation from 'char (*)[7]' to 'long'
  (compiling source file 'libiconv/iconv.c')
  
F:\ThirdLibs\libiconv\include\aliases_dos.h(45,3): warning C4311: 'type cast': pointer truncation from 'char (*)[4]' to 'long'
  (compiling source file 'libiconv/iconv.c')
  
F:\ThirdLibs\libiconv\include\aliases_dos.h(46,3): warning C4311: 'type cast': pointer truncation from 'char (*)[6]' to 'long'
  (compiling source file 'libiconv/iconv.c')
  
F:\ThirdLibs\libiconv\include\aliases_dos.h(47,3): warning C4311: 'type cast': pointer truncation from 'char (*)[9]' to 'long'
  (compiling source file 'libiconv/iconv.c')
  
F:\ThirdLibs\libiconv\include\aliases_dos.h(48,3): warning C4311: 'type cast': pointer truncation from 'char (*)[7]' to 'long'
  (compiling source file 'libiconv/iconv.c')
  
F:\ThirdLibs\libiconv\libiconv\iconv.c(266,18): warning C4028: formal parameter 2 different from declaration
F:\ThirdLibs\libiconv\libiconv\iconv.c(446,23): warning C4090: 'function': different 'const' qualifiers
F:\ThirdLibs\libiconv\libiconv\iconv.c(448,18): warning C4267: 'function': conversion from 'size_t' to 'unsigned int', possible loss of data
F:\ThirdLibs\libiconv\include\canonical.h(1,60): warning C4311: 'type cast': pointer truncation from 'char (*)[9]' to 'long'
  (compiling source file 'libiconv/iconv.c')
  
F:\ThirdLibs\libiconv\include\canonical.h(2,60): warning C4311: 'type cast': pointer truncation from 'char (*)[6]' to 'long'
  (compiling source file 'libiconv/iconv.c')
  
F:\ThirdLibs\libiconv\include\canonical.h(3,60): warning C4311: 'type cast': pointer truncation from 'char (*)[6]' to 'long'
  (compiling source file 'libiconv/iconv.c')
  
F:\ThirdLibs\libiconv\include\canonical.h(4,60): warning C4311: 'type cast': pointer truncation from 'char (*)[8]' to 'long'
  (compiling source file 'libiconv/iconv.c')
  
F:\ThirdLibs\libiconv\include\canonical.h(5,60): warning C4311: 'type cast': pointer truncation from 'char (*)[8]' to 'long'
  (compiling source file 'libiconv/iconv.c')
  
F:\ThirdLibs\libiconv\include\canonical.h(6,60): warning C4311: 'type cast': pointer truncation from 'char (*)[6]' to 'long'
  (compiling source file 'libiconv/iconv.c')
  
F:\ThirdLibs\libiconv\include\canonical.h(7,60): warning C4311: 'type cast': pointer truncation from 'char (*)[8]' to 'long'
  (compiling source file 'libiconv/iconv.c')
  
F:\ThirdLibs\libiconv\include\canonical.h(8,60): warning C4311: 'type cast': pointer truncation from 'char (*)[8]' to 'long'
  (compiling source file 'libiconv/iconv.c')
  
F:\ThirdLibs\libiconv\include\canonical.h(9,60): warning C4311: 'type cast': pointer truncation from 'char (*)[7]' to 'long'
  (compiling source file 'libiconv/iconv.c')
  
F:\ThirdLibs\libiconv\include\canonical.h(10,60): warning C4311: 'type cast': pointer truncation from 'char (*)[9]' to 'long'
  (compiling source file 'libiconv/iconv.c')
  
F:\ThirdLibs\libiconv\include\canonical.h(11,60): warning C4311: 'type cast': pointer truncation from 'char (*)[9]' to 'long'
  (compiling source file 'libiconv/iconv.c')
  
F:\ThirdLibs\libiconv\include\canonical.h(12,60): warning C4311: 'type cast': pointer truncation from 'char (*)[7]' to 'long'
  (compiling source file 'libiconv/iconv.c')
  
F:\ThirdLibs\libiconv\include\canonical.h(13,60): warning C4311: 'type cast': pointer truncation from 'char (*)[9]' to 'long'
  (compiling source file 'libiconv/iconv.c')
  
F:\ThirdLibs\libiconv\include\canonical.h(14,60): warning C4311: 'type cast': pointer truncation from 'char (*)[9]' to 'long'
  (compiling source file 'libiconv/iconv.c')
  
F:\ThirdLibs\libiconv\include\canonical.h(15,60): warning C4311: 'type cast': pointer truncation from 'char (*)[6]' to 'long'
  (compiling source file 'libiconv/iconv.c')
  
F:\ThirdLibs\libiconv\include\canonical.h(16,60): warning C4311: 'type cast': pointer truncation from 'char (*)[15]' to 'long'
  (compiling source file 'libiconv/iconv.c')
  
F:\ThirdLibs\libiconv\include\canonical.h(17,60): warning C4311: 'type cast': pointer truncation from 'char (*)[14]' to 'long'
  (compiling source file 'libiconv/iconv.c')
  
F:\ThirdLibs\libiconv\include\canonical.h(18,60): warning C4311: 'type cast': pointer truncation from 'char (*)[15]' to 'long'
  (compiling source file 'libiconv/iconv.c')
  
F:\ThirdLibs\libiconv\include\canonical.h(19,60): warning C4311: 'type cast': pointer truncation from 'char (*)[14]' to 'long'
  (compiling source file 'libiconv/iconv.c')
  
F:\ThirdLibs\libiconv\include\canonical.h(20,59): warning C4311: 'type cast': pointer truncation from 'char (*)[4]' to 'long'
  (compiling source file 'libiconv/iconv.c')
  
F:\ThirdLibs\libiconv\include\canonical.h(21,60): warning C4311: 'type cast': pointer truncation from 'char (*)[5]' to 'long'
  (compiling source file 'libiconv/iconv.c')
  
F:\ThirdLibs\libiconv\include\canonical.h(22,60): warning C4311: 'type cast': pointer truncation from 'char (*)[11]' to 'long'
  (compiling source file 'libiconv/iconv.c')
  
F:\ThirdLibs\libiconv\include\canonical.h(23,60): warning C4311: 'type cast': pointer truncation from 'char (*)[11]' to 'long'
  (compiling source file 'libiconv/iconv.c')
  
F:\ThirdLibs\libiconv\include\canonical.h(24,60): warning C4311: 'type cast': pointer truncation from 'char (*)[11]' to 'long'
  (compiling source file 'libiconv/iconv.c')
  
F:\ThirdLibs\libiconv\include\canonical.h(25,60): warning C4311: 'type cast': pointer truncation from 'char (*)[11]' to 'long'
  (compiling source file 'libiconv/iconv.c')
  
F:\ThirdLibs\libiconv\include\canonical.h(26,60): warning C4311: 'type cast': pointer truncation from 'char (*)[11]' to 'long'
  (compiling source file 'libiconv/iconv.c')
  
F:\ThirdLibs\libiconv\include\canonical.h(27,60): warning C4311: 'type cast': pointer truncation from 'char (*)[11]' to 'long'
  (compiling source file 'libiconv/iconv.c')
  
F:\ThirdLibs\libiconv\include\canonical.h(28,60): warning C4311: 'type cast': pointer truncation from 'char (*)[11]' to 'long'
  (compiling source file 'libiconv/iconv.c')
  
F:\ThirdLibs\libiconv\include\canonical.h(29,60): warning C4311: 'type cast': pointer truncation from 'char (*)[11]' to 'long'
  (compiling source file 'libiconv/iconv.c')
  
F:\ThirdLibs\libiconv\include\canonical.h(30,60): warning C4311: 'type cast': pointer truncation from 'char (*)[11]' to 'long'
  (compiling source file 'libiconv/iconv.c')
  
F:\ThirdLibs\libiconv\include\canonical.h(31,60): warning C4311: 'type cast': pointer truncation from 'char (*)[12]' to 'long'
  (compiling source file 'libiconv/iconv.c')
  
F:\ThirdLibs\libiconv\include\canonical.h(32,60): warning C4311: 'type cast': pointer truncation from 'char (*)[12]' to 'long'
  (compiling source file 'libiconv/iconv.c')
  
F:\ThirdLibs\libiconv\include\canonical.h(33,60): warning C4311: 'type cast': pointer truncation from 'char (*)[12]' to 'long'
  (compiling source file 'libiconv/iconv.c')
  
F:\ThirdLibs\libiconv\include\canonical.h(34,60): warning C4311: 'type cast': pointer truncation from 'char (*)[12]' to 'long'
  (compiling source file 'libiconv/iconv.c')
  
F:\ThirdLibs\libiconv\include\canonical.h(35,60): warning C4311: 'type cast': pointer truncation from 'char (*)[12]' to 'long'
  (compiling source file 'libiconv/iconv.c')
  
F:\ThirdLibs\libiconv\include\canonical.h(36,60): warning C4311: 'type cast': pointer truncation from 'char (*)[12]' to 'long'
  (compiling source file 'libiconv/iconv.c')
  
F:\ThirdLibs\libiconv\include\canonical.h(37,60): warning C4311: 'type cast': pointer truncation from 'char (*)[7]' to 'long'
  (compiling source file 'libiconv/iconv.c')
  
F:\ThirdLibs\libiconv\include\canonical.h(38,60): warning C4311: 'type cast': pointer truncation from 'char (*)[7]' to 'long'
  (compiling source file 'libiconv/iconv.c')
  
F:\ThirdLibs\libiconv\include\canonical.h(39,60): warning C4311: 'type cast': pointer truncation from 'char (*)[8]' to 'long'
  (compiling source file 'libiconv/iconv.c')
  
F:\ThirdLibs\libiconv\include\canonical.h(40,60): warning C4311: 'type cast': pointer truncation from 'char (*)[7]' to 'long'
  (compiling source file 'libiconv/iconv.c')
  
F:\ThirdLibs\libiconv\include\canonical.h(41,59): warning C4311: 'type cast': pointer truncation from 'char (*)[7]' to 'long'
  (compiling source file 'libiconv/iconv.c')
  
F:\ThirdLibs\libiconv\include\canonical.h(42,60): warning C4311: 'type cast': pointer truncation from 'char (*)[7]' to 'long'
  (compiling source file 'libiconv/iconv.c')
  
F:\ThirdLibs\libiconv\include\canonical.h(43,60): warning C4311: 'type cast': pointer truncation from 'char (*)[7]' to 'long'
  (compiling source file 'libiconv/iconv.c')
  
F:\ThirdLibs\libiconv\include\canonical.h(44,60): warning C4311: 'type cast': pointer truncation from 'char (*)[7]' to 'long'
  (compiling source file 'libiconv/iconv.c')
  
F:\ThirdLibs\libiconv\include\canonical.h(45,60): warning C4311: 'type cast': pointer truncation from 'char (*)[7]' to 'long'
  (compiling source file 'libiconv/iconv.c')
  
F:\ThirdLibs\libiconv\include\canonical.h(46,59): warning C4311: 'type cast': pointer truncation from 'char (*)[7]' to 'long'
  (compiling source file 'libiconv/iconv.c')
  
F:\ThirdLibs\libiconv\include\canonical.h(47,60): warning C4311: 'type cast': pointer truncation from 'char (*)[7]' to 'long'
  (compiling source file 'libiconv/iconv.c')
  
F:\ThirdLibs\libiconv\include\canonical.h(48,60): warning C4311: 'type cast': pointer truncation from 'char (*)[7]' to 'long'
  (compiling source file 'libiconv/iconv.c')
  
F:\ThirdLibs\libiconv\include\canonical.h(49,60): warning C4311: 'type cast': pointer truncation from 'char (*)[6]' to 'long'
  (compiling source file 'libiconv/iconv.c')
  
F:\ThirdLibs\libiconv\include\canonical.h(50,60): warning C4311: 'type cast': pointer truncation from 'char (*)[6]' to 'long'
  (compiling source file 'libiconv/iconv.c')
  
F:\ThirdLibs\libiconv\include\canonical.h(51,59): warning C4311: 'type cast': pointer truncation from 'char (*)[6]' to 'long'
  (compiling source file 'libiconv/iconv.c')
  
F:\ThirdLibs\libiconv\include\canonical.h(52,60): warning C4311: 'type cast': pointer truncation from 'char (*)[7]' to 'long'
  (compiling source file 'libiconv/iconv.c')
  
F:\ThirdLibs\libiconv\include\canonical.h(53,60): warning C4311: 'type cast': pointer truncation from 'char (*)[9]' to 'long'
  (compiling source file 'libiconv/iconv.c')
  
F:\ThirdLibs\libiconv\include\canonical.h(54,60): warning C4311: 'type cast': pointer truncation from 'char (*)[17]' to 'long'
  (compiling source file 'libiconv/iconv.c')
  
F:\ThirdLibs\libiconv\include\canonical.h(55,60): warning C4311: 'type cast': pointer truncation from 'char (*)[11]' to 'long'
  (compiling source file 'libiconv/iconv.c')
  
F:\ThirdLibs\libiconv\include\canonical.h(56,60): warning C4311: 'type cast': pointer truncation from 'char (*)[12]' to 'long'
  (compiling source file 'libiconv/iconv.c')
  
F:\ThirdLibs\libiconv\include\canonical.h(57,60): warning C4311: 'type cast': pointer truncation from 'char (*)[11]' to 'long'
  (compiling source file 'libiconv/iconv.c')
  
F:\ThirdLibs\libiconv\include\canonical.h(58,60): warning C4311: 'type cast': pointer truncation from 'char (*)[12]' to 'long'
  (compiling source file 'libiconv/iconv.c')
  
F:\ThirdLibs\libiconv\include\canonical.h(59,60): warning C4311: 'type cast': pointer truncation from 'char (*)[11]' to 'long'
  (compiling source file 'libiconv/iconv.c')
  
F:\ThirdLibs\libiconv\include\canonical.h(60,60): warning C4311: 'type cast': pointer truncation from 'char (*)[9]' to 'long'
  (compiling source file 'libiconv/iconv.c')
  
F:\ThirdLibs\libiconv\include\canonical.h(61,60): warning C4311: 'type cast': pointer truncation from 'char (*)[11]' to 'long'
  (compiling source file 'libiconv/iconv.c')
  
F:\ThirdLibs\libiconv\include\canonical.h(62,60): warning C4311: 'type cast': pointer truncation from 'char (*)[10]' to 'long'
  (compiling source file 'libiconv/iconv.c')
  
F:\ThirdLibs\libiconv\include\canonical.h(63,60): warning C4311: 'type cast': pointer truncation from 'char (*)[10]' to 'long'
  (compiling source file 'libiconv/iconv.c')
  
F:\ThirdLibs\libiconv\include\canonical.h(64,60): warning C4311: 'type cast': pointer truncation from 'char (*)[8]' to 'long'
  (compiling source file 'libiconv/iconv.c')
  
F:\ThirdLibs\libiconv\include\canonical.h(65,60): warning C4311: 'type cast': pointer truncation from 'char (*)[10]' to 'long'
  (compiling source file 'libiconv/iconv.c')
  
F:\ThirdLibs\libiconv\include\canonical.h(66,60): warning C4311: 'type cast': pointer truncation from 'char (*)[9]' to 'long'
  (compiling source file 'libiconv/iconv.c')
  
F:\ThirdLibs\libiconv\include\canonical.h(67,60): warning C4311: 'type cast': pointer truncation from 'char (*)[10]' to 'long'
  (compiling source file 'libiconv/iconv.c')
  
F:\ThirdLibs\libiconv\include\canonical.h(68,60): warning C4311: 'type cast': pointer truncation from 'char (*)[17]' to 'long'
  (compiling source file 'libiconv/iconv.c')
  
F:\ThirdLibs\libiconv\include\canonical.h(69,60): warning C4311: 'type cast': pointer truncation from 'char (*)[12]' to 'long'
  (compiling source file 'libiconv/iconv.c')
  
F:\ThirdLibs\libiconv\include\canonical.h(70,60): warning C4311: 'type cast': pointer truncation from 'char (*)[7]' to 'long'
  (compiling source file 'libiconv/iconv.c')
  
F:\ThirdLibs\libiconv\include\canonical.h(71,60): warning C4311: 'type cast': pointer truncation from 'char (*)[6]' to 'long'
  (compiling source file 'libiconv/iconv.c')
  
F:\ThirdLibs\libiconv\include\canonical.h(72,60): warning C4311: 'type cast': pointer truncation from 'char (*)[7]' to 'long'
  (compiling source file 'libiconv/iconv.c')
  
F:\ThirdLibs\libiconv\include\canonical.h(73,60): warning C4311: 'type cast': pointer truncation from 'char (*)[10]' to 'long'
  (compiling source file 'libiconv/iconv.c')
  
F:\ThirdLibs\libiconv\include\canonical.h(74,60): warning C4311: 'type cast': pointer truncation from 'char (*)[7]' to 'long'
  (compiling source file 'libiconv/iconv.c')
  
F:\ThirdLibs\libiconv\include\canonical.h(75,60): warning C4311: 'type cast': pointer truncation from 'char (*)[8]' to 'long'
  (compiling source file 'libiconv/iconv.c')
  
F:\ThirdLibs\libiconv\include\canonical.h(76,60): warning C4311: 'type cast': pointer truncation from 'char (*)[6]' to 'long'
  (compiling source file 'libiconv/iconv.c')
  
F:\ThirdLibs\libiconv\include\canonical.h(77,60): warning C4311: 'type cast': pointer truncation from 'char (*)[7]' to 'long'
  (compiling source file 'libiconv/iconv.c')
  
F:\ThirdLibs\libiconv\include\canonical.h(78,60): warning C4311: 'type cast': pointer truncation from 'char (*)[5]' to 'long'
  (compiling source file 'libiconv/iconv.c')
  
F:\ThirdLibs\libiconv\include\canonical.h(79,60): warning C4311: 'type cast': pointer truncation from 'char (*)[18]' to 'long'
  (compiling source file 'libiconv/iconv.c')
  
F:\ThirdLibs\libiconv\include\canonical.h(80,60): warning C4311: 'type cast': pointer truncation from 'char (*)[10]' to 'long'
  (compiling source file 'libiconv/iconv.c')
  
F:\ThirdLibs\libiconv\include\canonical.h(81,60): warning C4311: 'type cast': pointer truncation from 'char (*)[10]' to 'long'
  (compiling source file 'libiconv/iconv.c')
  
F:\ThirdLibs\libiconv\include\canonical.h(82,60): warning C4311: 'type cast': pointer truncation from 'char (*)[10]' to 'long'
  (compiling source file 'libiconv/iconv.c')
  
F:\ThirdLibs\libiconv\include\canonical.h(83,60): warning C4311: 'type cast': pointer truncation from 'char (*)[11]' to 'long'
  (compiling source file 'libiconv/iconv.c')
  
F:\ThirdLibs\libiconv\include\canonical.h(84,60): warning C4311: 'type cast': pointer truncation from 'char (*)[11]' to 'long'
  (compiling source file 'libiconv/iconv.c')
  
F:\ThirdLibs\libiconv\include\canonical.h(85,59): warning C4311: 'type cast': pointer truncation from 'char (*)[11]' to 'long'
  (compiling source file 'libiconv/iconv.c')
  
F:\ThirdLibs\libiconv\include\canonical.h(86,60): warning C4311: 'type cast': pointer truncation from 'char (*)[9]' to 'long'
  (compiling source file 'libiconv/iconv.c')
  
F:\ThirdLibs\libiconv\include\canonical.h(87,60): warning C4311: 'type cast': pointer truncation from 'char (*)[7]' to 'long'
  (compiling source file 'libiconv/iconv.c')
  
F:\ThirdLibs\libiconv\include\canonical.h(88,60): warning C4311: 'type cast': pointer truncation from 'char (*)[10]' to 'long'
  (compiling source file 'libiconv/iconv.c')
  
F:\ThirdLibs\libiconv\include\canonical.h(89,60): warning C4311: 'type cast': pointer truncation from 'char (*)[6]' to 'long'
  (compiling source file 'libiconv/iconv.c')
  
F:\ThirdLibs\libiconv\include\canonical.h(90,60): warning C4311: 'type cast': pointer truncation from 'char (*)[12]' to 'long'
  (compiling source file 'libiconv/iconv.c')
  
F:\ThirdLibs\libiconv\include\canonical.h(91,60): warning C4311: 'type cast': pointer truncation from 'char (*)[14]' to 'long'
  (compiling source file 'libiconv/iconv.c')
  
F:\ThirdLibs\libiconv\include\canonical.h(92,60): warning C4311: 'type cast': pointer truncation from 'char (*)[14]' to 'long'
  (compiling source file 'libiconv/iconv.c')
  
F:\ThirdLibs\libiconv\include\canonical.h(93,60): warning C4311: 'type cast': pointer truncation from 'char (*)[15]' to 'long'
  (compiling source file 'libiconv/iconv.c')
  
F:\ThirdLibs\libiconv\include\canonical.h(94,59): warning C4311: 'type cast': pointer truncation from 'char (*)[7]' to 'long'
  (compiling source file 'libiconv/iconv.c')
  
F:\ThirdLibs\libiconv\include\canonical.h(95,60): warning C4311: 'type cast': pointer truncation from 'char (*)[4]' to 'long'
  (compiling source file 'libiconv/iconv.c')
  
F:\ThirdLibs\libiconv\include\canonical.h(96,60): warning C4311: 'type cast': pointer truncation from 'char (*)[6]' to 'long'
  (compiling source file 'libiconv/iconv.c')
  
F:\ThirdLibs\libiconv\include\canonical.h(97,60): warning C4311: 'type cast': pointer truncation from 'char (*)[8]' to 'long'
  (compiling source file 'libiconv/iconv.c')
  
F:\ThirdLibs\libiconv\include\canonical.h(98,60): warning C4311: 'type cast': pointer truncation from 'char (*)[12]' to 'long'
  (compiling source file 'libiconv/iconv.c')
  
F:\ThirdLibs\libiconv\include\canonical.h(99,60): warning C4311: 'type cast': pointer truncation from 'char (*)[16]' to 'long'
  (compiling source file 'libiconv/iconv.c')
  
F:\ThirdLibs\libiconv\include\canonical.h(100,59): warning C4311: 'type cast': pointer truncation from 'char (*)[3]' to 'long'
  (compiling source file 'libiconv/iconv.c')
  
F:\ThirdLibs\libiconv\include\canonical.h(101,60): warning C4311: 'type cast': pointer truncation from 'char (*)[7]' to 'long'
  (compiling source file 'libiconv/iconv.c')
  
F:\ThirdLibs\libiconv\include\canonical.h(102,60): warning C4311: 'type cast': pointer truncation from 'char (*)[5]' to 'long'
  (compiling source file 'libiconv/iconv.c')
  
F:\ThirdLibs\libiconv\include\canonical.h(103,60): warning C4311: 'type cast': pointer truncation from 'char (*)[6]' to 'long'
  (compiling source file 'libiconv/iconv.c')
  
F:\ThirdLibs\libiconv\include\canonical.h(104,60): warning C4311: 'type cast': pointer truncation from 'char (*)[16]' to 'long'
  (compiling source file 'libiconv/iconv.c')
  
F:\ThirdLibs\libiconv\include\canonical.h(105,60): warning C4311: 'type cast': pointer truncation from 'char (*)[16]' to 'long'
  (compiling source file 'libiconv/iconv.c')
  
F:\ThirdLibs\libiconv\include\canonical.h(106,60): warning C4311: 'type cast': pointer truncation from 'char (*)[16]' to 'long'
  (compiling source file 'libiconv/iconv.c')
  
F:\ThirdLibs\libiconv\include\canonical.h(107,60): warning C4311: 'type cast': pointer truncation from 'char (*)[11]' to 'long'
  (compiling source file 'libiconv/iconv.c')
  
F:\ThirdLibs\libiconv\include\canonical.h(108,60): warning C4311: 'type cast': pointer truncation from 'char (*)[7]' to 'long'
  (compiling source file 'libiconv/iconv.c')
  
F:\ThirdLibs\libiconv\include\canonical.h(109,60): warning C4311: 'type cast': pointer truncation from 'char (*)[6]' to 'long'
  (compiling source file 'libiconv/iconv.c')
  
F:\ThirdLibs\libiconv\include\canonical.h(110,60): warning C4311: 'type cast': pointer truncation from 'char (*)[6]' to 'long'
  (compiling source file 'libiconv/iconv.c')
  
F:\ThirdLibs\libiconv\include\canonical.h(111,60): warning C4311: 'type cast': pointer truncation from 'char (*)[12]' to 'long'
  (compiling source file 'libiconv/iconv.c')
  
F:\ThirdLibs\libiconv\include\canonical_dos.h(1,60): warning C4311: 'type cast': pointer truncation from 'char (*)[6]' to 'long'
  (compiling source file 'libiconv/iconv.c')
  
F:\ThirdLibs\libiconv\include\canonical_dos.h(2,60): warning C4311: 'type cast': pointer truncation from 'char (*)[6]' to 'long'
  (compiling source file 'libiconv/iconv.c')
  
F:\ThirdLibs\libiconv\include\canonical_dos.h(3,60): warning C4311: 'type cast': pointer truncation from 'char (*)[6]' to 'long'
  (compiling source file 'libiconv/iconv.c')
  
F:\ThirdLibs\libiconv\include\canonical_dos.h(4,60): warning C4311: 'type cast': pointer truncation from 'char (*)[6]' to 'long'
  (compiling source file 'libiconv/iconv.c')
  
F:\ThirdLibs\libiconv\include\canonical_dos.h(5,61): warning C4311: 'type cast': pointer truncation from 'char (*)[6]' to 'long'
  (compiling source file 'libiconv/iconv.c')
  
F:\ThirdLibs\libiconv\include\canonical_dos.h(6,61): warning C4311: 'type cast': pointer truncation from 'char (*)[6]' to 'long'
  (compiling source file 'libiconv/iconv.c')
  
F:\ThirdLibs\libiconv\include\canonical_dos.h(7,61): warning C4311: 'type cast': pointer truncation from 'char (*)[6]' to 'long'
  (compiling source file 'libiconv/iconv.c')
  
F:\ThirdLibs\libiconv\include\canonical_dos.h(8,61): warning C4311: 'type cast': pointer truncation from 'char (*)[6]' to 'long'
  (compiling source file 'libiconv/iconv.c')
  
F:\ThirdLibs\libiconv\include\canonical_dos.h(9,61): warning C4311: 'type cast': pointer truncation from 'char (*)[6]' to 'long'
  (compiling source file 'libiconv/iconv.c')
  
F:\ThirdLibs\libiconv\include\canonical_dos.h(10,61): warning C4311: 'type cast': pointer truncation from 'char (*)[6]' to 'long'
  (compiling source file 'libiconv/iconv.c')
  
F:\ThirdLibs\libiconv\include\canonical_dos.h(11,61): warning C4311: 'type cast': pointer truncation from 'char (*)[6]' to 'long'
  (compiling source file 'libiconv/iconv.c')
  
F:\ThirdLibs\libiconv\include\canonical_dos.h(12,61): warning C4311: 'type cast': pointer truncation from 'char (*)[6]' to 'long'
  (compiling source file 'libiconv/iconv.c')
  
F:\ThirdLibs\libiconv\include\canonical_dos.h(13,61): warning C4311: 'type cast': pointer truncation from 'char (*)[6]' to 'long'
  (compiling source file 'libiconv/iconv.c')
  
F:\ThirdLibs\libiconv\include\canonical_dos.h(14,61): warning C4311: 'type cast': pointer truncation from 'char (*)[6]' to 'long'
  (compiling source file 'libiconv/iconv.c')
  
F:\ThirdLibs\libiconv\include\canonical_dos.h(15,61): warning C4311: 'type cast': pointer truncation from 'char (*)[7]' to 'long'
  (compiling source file 'libiconv/iconv.c')
  
F:\ThirdLibs\libiconv\include\canonical_local.h(1,60): warning C4311: 'type cast': pointer truncation from 'char (*)[5]' to 'long'
  (compiling source file 'libiconv/iconv.c')
  
F:\ThirdLibs\libiconv\include\canonical_local.h(2,60): warning C4311: 'type cast': pointer truncation from 'char (*)[8]' to 'long'
  (compiling source file 'libiconv/iconv.c')
  
F:\ThirdLibs\libiconv\libiconv\iconv.c(616,5): warning C4273: '_libiconv_version': inconsistent dll linkage
  C:\dev\vcpkg\installed\x64-windows\include\iconv.h(24,35):
  see previous definition of '_libiconv_version'
  
  localcharset.c
  relocatable.c
     Creating library F:\ThirdLibs\libiconv\Release_x64\libiconv.lib and object F:\ThirdLibs\libiconv\Release_x64\libiconv.exp
  Generating code
  Previous IPDB not found, fall back to full compilation.
  All 326 functions were compiled because no usable IPDB/IOBJ from previous compilation was found.
  Finished generating code
  libiconv.vcxproj -> F:\ThirdLibs\libiconv\Release_x64\libiconv.dll
  'pwsh.exe' is not recognized as an internal or external command,
  operable program or batch file.
