f:\thirdlibs\libiconv\release_x64\libiconv.pdb
f:\thirdlibs\libiconv\obj\libiconv\release_x64\relocatable.obj
f:\thirdlibs\libiconv\obj\libiconv\release_x64\localcharset.obj
f:\thirdlibs\libiconv\obj\libiconv\release_x64\iconv.obj
f:\thirdlibs\libiconv\obj\libiconv\release_x64\vc143.pdb
f:\thirdlibs\libiconv\release_x64\libiconv.lib
f:\thirdlibs\libiconv\release_x64\libiconv.dll
f:\thirdlibs\libiconv\obj\libiconv\release_x64\libiconv.res
f:\thirdlibs\libiconv\release_x64\libiconv.exp
f:\thirdlibs\libiconv\obj\libiconv\release_x64\libiconv.ipdb
f:\thirdlibs\libiconv\obj\libiconv\release_x64\libiconv.iobj
f:\thirdlibs\libiconv\obj\libiconv\release_x64\libiconv.vcxproj.filelistabsolute.txt
f:\thirdlibs\libiconv\obj\libiconv\release_x64\libiconv.tlog\cl.command.1.tlog
f:\thirdlibs\libiconv\obj\libiconv\release_x64\libiconv.tlog\cl.items.tlog
f:\thirdlibs\libiconv\obj\libiconv\release_x64\libiconv.tlog\cl.read.1.tlog
f:\thirdlibs\libiconv\obj\libiconv\release_x64\libiconv.tlog\cl.write.1.tlog
f:\thirdlibs\libiconv\obj\libiconv\release_x64\libiconv.tlog\lib-link-cvtres.read.1.tlog
f:\thirdlibs\libiconv\obj\libiconv\release_x64\libiconv.tlog\lib-link-cvtres.write.1.tlog
f:\thirdlibs\libiconv\obj\libiconv\release_x64\libiconv.tlog\lib.command.1.tlog
f:\thirdlibs\libiconv\obj\libiconv\release_x64\libiconv.tlog\link.command.1.tlog
f:\thirdlibs\libiconv\obj\libiconv\release_x64\libiconv.tlog\link.read.1.tlog
f:\thirdlibs\libiconv\obj\libiconv\release_x64\libiconv.tlog\link.secondary.1.tlog
f:\thirdlibs\libiconv\obj\libiconv\release_x64\libiconv.tlog\link.write.1.tlog
f:\thirdlibs\libiconv\obj\libiconv\release_x64\libiconv.tlog\rc.command.1.tlog
f:\thirdlibs\libiconv\obj\libiconv\release_x64\libiconv.tlog\rc.read.1.tlog
f:\thirdlibs\libiconv\obj\libiconv\release_x64\libiconv.tlog\rc.write.1.tlog
